<?xml version="1.0" encoding="UTF-8"?>
<testng-results ignored="0" total="1" passed="1" failed="0" skipped="0">
  <reporter-output>
  </reporter-output>
  <suite started-at="2022-03-14T16:24:28 IST" name="Default suite" finished-at="2022-03-14T16:24:28 IST" duration-ms="158">
    <groups>
    </groups>
    <test started-at="2022-03-14T16:24:28 IST" name="Default test" finished-at="2022-03-14T16:24:28 IST" duration-ms="158">
      <class name="CreateOrgTest.ReadOrgTest">
        <test-method signature="readData()[pri:0, instance:CreateOrgTest.ReadOrgTest@13b13b5d]" started-at="2022-03-14T16:24:28 IST" name="readData" finished-at="2022-03-14T16:24:28 IST" duration-ms="23" status="PASS">
          <reporter-output>
          </reporter-output>
        </test-method> <!-- readData -->
      </class> <!-- CreateOrgTest.ReadOrgTest -->
    </test> <!-- Default test -->
  </suite> <!-- Default suite -->
</testng-results>
